app/manifest-merger-pro-release-report.txt
-- Merging decision tree log ---
manifest
ADDED from AndroidManifest.xml:2:1
	xmlns:android
		ADDED from AndroidManifest.xml:2:11
	package
		ADDED from AndroidManifest.xml:3:5
		INJECTED from AndroidManifest.xml:0:0
		INJECTED from AndroidManifest.xml:0:0
	android:versionName
		INJECTED from AndroidManifest.xml:0:0
		ADDED from AndroidManifest.xml:2:1
		INJECTED from AndroidManifest.xml:0:0
	android:versionCode
		INJECTED from AndroidManifest.xml:0:0
		ADDED from AndroidManifest.xml:2:1
		INJECTED from AndroidManifest.xml:0:0
uses-permission#android.permission.INTERNET
ADDED from AndroidManifest.xml:6:5
REJECTED from AndroidManifest.xml:6:5
	android:name
		ADDED from AndroidManifest.xml:6:22
uses-permission#android.permission.ACCESS_NETWORK_STATE
ADDED from AndroidManifest.xml:8:5
REJECTED from AndroidManifest.xml:8:5
	android:name
		ADDED from AndroidManifest.xml:8:22
uses-permission#android.permission.ACCESS_WIFI_STATE
ADDED from AndroidManifest.xml:9:5
REJECTED from AndroidManifest.xml:9:5
	android:name
		ADDED from AndroidManifest.xml:9:22
uses-permission#com.android.vending.CHECK_LICENSE
ADDED from AndroidManifest.xml:12:5
MERGED from AndroidManifest.xml:12:5
MERGED from qwknoteGIT:licencing-library:unspecified:26:5
	android:name
		ADDED from AndroidManifest.xml:12:22
application
ADDED from AndroidManifest.xml:14:5
MERGED from AndroidManifest.xml:14:5
MERGED from com.android.support:appcompat-v7:21.0.3:16:5
MERGED from com.android.support:support-v4:21.0.3:16:5
	android:label
		ADDED from AndroidManifest.xml:17:9
	android:allowBackup
		ADDED from AndroidManifest.xml:15:9
	android:icon
		ADDED from AndroidManifest.xml:16:9
	android:theme
		ADDED from AndroidManifest.xml:18:9
activity#com.purplebrain.adbuddiz.sdk.AdBuddizActivity
ADDED from AndroidManifest.xml:21:9
REJECTED from AndroidManifest.xml:21:9
	android:theme
		ADDED from AndroidManifest.xml:23:13
	android:name
		ADDED from AndroidManifest.xml:22:13
receiver#se.ottomatech.marcusjacobsson.eaglenote.appwidget.QwkNoteAppWidgetProvider
ADDED from AndroidManifest.xml:28:9
MERGED from AndroidManifest.xml:28:9
	android:name
		ADDED from AndroidManifest.xml:28:19
intent-filter#android.appwidget.action.APPWIDGET_UPDATE
ADDED from AndroidManifest.xml:29:13
action#android.appwidget.action.APPWIDGET_UPDATE
ADDED from AndroidManifest.xml:30:17
	android:name
		ADDED from AndroidManifest.xml:30:25
meta-data#android.appwidget.provider
ADDED from AndroidManifest.xml:32:13
MERGED from AndroidManifest.xml:32:13
	android:resource
		ADDED from AndroidManifest.xml:34:17
	android:name
		ADDED from AndroidManifest.xml:33:17
activity#se.ottomatech.marcusjacobsson.eaglenote.activities.MainActivity
ADDED from AndroidManifest.xml:37:9
MERGED from AndroidManifest.xml:37:9
	android:label
		ADDED from AndroidManifest.xml:39:13
	android:name
		ADDED from AndroidManifest.xml:38:13
intent-filter#android.intent.action.MAIN+android.intent.category.LAUNCHER
ADDED from AndroidManifest.xml:40:13
action#android.intent.action.MAIN
ADDED from AndroidManifest.xml:41:17
	android:name
		ADDED from AndroidManifest.xml:41:25
category#android.intent.category.LAUNCHER
ADDED from AndroidManifest.xml:43:17
	android:name
		ADDED from AndroidManifest.xml:43:27
activity#se.ottomatech.marcusjacobsson.eaglenote.appwidget.AppWidgetConfigure
ADDED from AndroidManifest.xml:47:9
MERGED from AndroidManifest.xml:47:9
	android:name
		ADDED from AndroidManifest.xml:47:19
intent-filter#android.appwidget.action.APPWIDGET_CONFIGURE
ADDED from AndroidManifest.xml:48:13
action#android.appwidget.action.APPWIDGET_CONFIGURE
ADDED from AndroidManifest.xml:49:17
	android:name
		ADDED from AndroidManifest.xml:49:25
activity#se.ottomatech.marcusjacobsson.eaglenote.activities.NoteDetailsActivity
ADDED from AndroidManifest.xml:53:9
MERGED from AndroidManifest.xml:53:9
	android:name
		ADDED from AndroidManifest.xml:53:19
activity#se.ottomatech.marcusjacobsson.eaglenote.preferences.SettingsActivity
ADDED from AndroidManifest.xml:57:9
MERGED from AndroidManifest.xml:57:9
	android:name
		ADDED from AndroidManifest.xml:57:19
uses-sdk
INJECTED from AndroidManifest.xml:0:0 reason: use-sdk injection requested
MERGED from com.android.support:appcompat-v7:21.0.3:15:5
MERGED from com.android.support:support-v4:21.0.3:15:5
MERGED from qwknoteGIT:licencing-library:unspecified:22:5
	android:targetSdkVersion
		INJECTED from AndroidManifest.xml:0:0
		INJECTED from AndroidManifest.xml:0:0
	android:minSdkVersion
		INJECTED from AndroidManifest.xml:0:0
		INJECTED from AndroidManifest.xml:0:0